CRITICAL - 2022-04-23 08:57:05 --> Maximum execution time of 120 seconds exceeded
#0 [internal function]: CodeIgniter\Debug\Exceptions->shutdownHandler()
#1 {main}
CRITICAL - 2022-04-23 08:57:05 --> Maximum execution time of 120 seconds exceeded
#0 [internal function]: CodeIgniter\Debug\Exceptions->shutdownHandler()
#1 {main}
CRITICAL - 2022-04-23 09:08:25 --> Call to a member function lastquery() on null
#0 C:\xampp\htdocs\popoku\system\CodeIgniter.php(936): App\Controllers\Dashboard->index()
#1 C:\xampp\htdocs\popoku\system\CodeIgniter.php(432): CodeIgniter\CodeIgniter->runController(Object(App\Controllers\Dashboard))
#2 C:\xampp\htdocs\popoku\system\CodeIgniter.php(333): CodeIgniter\CodeIgniter->handleRequest(NULL, Object(Config\Cache), false)
#3 C:\xampp\htdocs\popoku\index.php(44): CodeIgniter\CodeIgniter->run()
#4 {main}
CRITICAL - 2022-04-23 09:08:54 --> Call to a member function getlastquery() on null
#0 C:\xampp\htdocs\popoku\system\CodeIgniter.php(936): App\Controllers\Dashboard->index()
#1 C:\xampp\htdocs\popoku\system\CodeIgniter.php(432): CodeIgniter\CodeIgniter->runController(Object(App\Controllers\Dashboard))
#2 C:\xampp\htdocs\popoku\system\CodeIgniter.php(333): CodeIgniter\CodeIgniter->handleRequest(NULL, Object(Config\Cache), false)
#3 C:\xampp\htdocs\popoku\index.php(44): CodeIgniter\CodeIgniter->run()
#4 {main}
CRITICAL - 2022-04-23 09:10:14 --> syntax error, unexpected ';', expecting ')'
#0 C:\xampp\htdocs\popoku\system\Autoloader\Autoloader.php(265): CodeIgniter\Autoloader\Autoloader->includeFile('C:\\xampp\\htdocs...')
#1 C:\xampp\htdocs\popoku\system\Autoloader\Autoloader.php(228): CodeIgniter\Autoloader\Autoloader->loadInNamespace('App\\Controllers...')
#2 [internal function]: CodeIgniter\Autoloader\Autoloader->loadClass('App\\Controllers...')
#3 [internal function]: spl_autoload_call('App\\Controllers...')
#4 C:\xampp\htdocs\popoku\system\CodeIgniter.php(893): class_exists('\\App\\Controller...', true)
#5 C:\xampp\htdocs\popoku\system\CodeIgniter.php(417): CodeIgniter\CodeIgniter->startController()
#6 C:\xampp\htdocs\popoku\system\CodeIgniter.php(333): CodeIgniter\CodeIgniter->handleRequest(NULL, Object(Config\Cache), false)
#7 C:\xampp\htdocs\popoku\index.php(44): CodeIgniter\CodeIgniter->run()
#8 {main}
CRITICAL - 2022-04-23 09:10:20 --> Call to a member function table() on null
#0 C:\xampp\htdocs\popoku\system\CodeIgniter.php(936): App\Controllers\Dashboard->index()
#1 C:\xampp\htdocs\popoku\system\CodeIgniter.php(432): CodeIgniter\CodeIgniter->runController(Object(App\Controllers\Dashboard))
#2 C:\xampp\htdocs\popoku\system\CodeIgniter.php(333): CodeIgniter\CodeIgniter->handleRequest(NULL, Object(Config\Cache), false)
#3 C:\xampp\htdocs\popoku\index.php(44): CodeIgniter\CodeIgniter->run()
#4 {main}
CRITICAL - 2022-04-23 09:11:01 --> syntax error, unexpected ';', expecting ')'
#0 C:\xampp\htdocs\popoku\system\Autoloader\Autoloader.php(265): CodeIgniter\Autoloader\Autoloader->includeFile('C:\\xampp\\htdocs...')
#1 C:\xampp\htdocs\popoku\system\Autoloader\Autoloader.php(228): CodeIgniter\Autoloader\Autoloader->loadInNamespace('App\\Controllers...')
#2 [internal function]: CodeIgniter\Autoloader\Autoloader->loadClass('App\\Controllers...')
#3 [internal function]: spl_autoload_call('App\\Controllers...')
#4 C:\xampp\htdocs\popoku\system\CodeIgniter.php(893): class_exists('\\App\\Controller...', true)
#5 C:\xampp\htdocs\popoku\system\CodeIgniter.php(417): CodeIgniter\CodeIgniter->startController()
#6 C:\xampp\htdocs\popoku\system\CodeIgniter.php(333): CodeIgniter\CodeIgniter->handleRequest(NULL, Object(Config\Cache), false)
#7 C:\xampp\htdocs\popoku\index.php(44): CodeIgniter\CodeIgniter->run()
#8 {main}
CRITICAL - 2022-04-23 09:11:17 --> Call to a member function getResult() on null
#0 C:\xampp\htdocs\popoku\system\CodeIgniter.php(936): App\Controllers\Dashboard->index()
#1 C:\xampp\htdocs\popoku\system\CodeIgniter.php(432): CodeIgniter\CodeIgniter->runController(Object(App\Controllers\Dashboard))
#2 C:\xampp\htdocs\popoku\system\CodeIgniter.php(333): CodeIgniter\CodeIgniter->handleRequest(NULL, Object(Config\Cache), false)
#3 C:\xampp\htdocs\popoku\index.php(44): CodeIgniter\CodeIgniter->run()
#4 {main}
CRITICAL - 2022-04-23 09:12:34 --> Object of class CodeIgniter\Database\MySQLi\Result could not be converted to string
#0 C:\xampp\htdocs\popoku\system\Database\Query.php(426): strtr('SELECT `a`.*\nFR...', Array)
#1 C:\xampp\htdocs\popoku\system\Database\Query.php(387): CodeIgniter\Database\Query->matchNamedBinds('SELECT `a`.*\nFR...', Array)
#2 C:\xampp\htdocs\popoku\system\Database\Query.php(178): CodeIgniter\Database\Query->compileBinds()
#3 C:\xampp\htdocs\popoku\system\Database\BaseConnection.php(641): CodeIgniter\Database\Query->getQuery()
#4 C:\xampp\htdocs\popoku\system\Database\BaseBuilder.php(1866): CodeIgniter\Database\BaseConnection->query('SELECT `a`.*\nFR...', Array, false)
#5 C:\xampp\htdocs\popoku\app\Models\Model_donasi.php(44): CodeIgniter\Database\BaseBuilder->get()
#6 C:\xampp\htdocs\popoku\app\Controllers\Dashboard.php(22): App\Models\Model_donasi->get_donasi_bykurir('22')
#7 C:\xampp\htdocs\popoku\system\CodeIgniter.php(936): App\Controllers\Dashboard->index()
#8 C:\xampp\htdocs\popoku\system\CodeIgniter.php(432): CodeIgniter\CodeIgniter->runController(Object(App\Controllers\Dashboard))
#9 C:\xampp\htdocs\popoku\system\CodeIgniter.php(333): CodeIgniter\CodeIgniter->handleRequest(NULL, Object(Config\Cache), false)
#10 C:\xampp\htdocs\popoku\index.php(44): CodeIgniter\CodeIgniter->run()
#11 {main}
CRITICAL - 2022-04-23 09:13:07 --> Call to a member function getResult() on null
#0 C:\xampp\htdocs\popoku\system\CodeIgniter.php(936): App\Controllers\Dashboard->index()
#1 C:\xampp\htdocs\popoku\system\CodeIgniter.php(432): CodeIgniter\CodeIgniter->runController(Object(App\Controllers\Dashboard))
#2 C:\xampp\htdocs\popoku\system\CodeIgniter.php(333): CodeIgniter\CodeIgniter->handleRequest(NULL, Object(Config\Cache), false)
#3 C:\xampp\htdocs\popoku\index.php(44): CodeIgniter\CodeIgniter->run()
#4 {main}
CRITICAL - 2022-04-23 09:13:30 --> Call to a member function getResult() on null
#0 C:\xampp\htdocs\popoku\system\CodeIgniter.php(936): App\Controllers\Dashboard->index()
#1 C:\xampp\htdocs\popoku\system\CodeIgniter.php(432): CodeIgniter\CodeIgniter->runController(Object(App\Controllers\Dashboard))
#2 C:\xampp\htdocs\popoku\system\CodeIgniter.php(333): CodeIgniter\CodeIgniter->handleRequest(NULL, Object(Config\Cache), false)
#3 C:\xampp\htdocs\popoku\index.php(44): CodeIgniter\CodeIgniter->run()
#4 {main}
CRITICAL - 2022-04-23 09:14:01 --> Cannot use object of type CodeIgniter\Database\MySQLi\Result as array
#0 C:\xampp\htdocs\popoku\app\Controllers\Dashboard.php(22): App\Models\Model_donasi->get_donasi_bykurir('22')
#1 C:\xampp\htdocs\popoku\system\CodeIgniter.php(936): App\Controllers\Dashboard->index()
#2 C:\xampp\htdocs\popoku\system\CodeIgniter.php(432): CodeIgniter\CodeIgniter->runController(Object(App\Controllers\Dashboard))
#3 C:\xampp\htdocs\popoku\system\CodeIgniter.php(333): CodeIgniter\CodeIgniter->handleRequest(NULL, Object(Config\Cache), false)
#4 C:\xampp\htdocs\popoku\index.php(44): CodeIgniter\CodeIgniter->run()
#5 {main}
CRITICAL - 2022-04-23 09:15:00 --> Call to a member function getResult() on array
#0 C:\xampp\htdocs\popoku\system\CodeIgniter.php(936): App\Controllers\Dashboard->index()
#1 C:\xampp\htdocs\popoku\system\CodeIgniter.php(432): CodeIgniter\CodeIgniter->runController(Object(App\Controllers\Dashboard))
#2 C:\xampp\htdocs\popoku\system\CodeIgniter.php(333): CodeIgniter\CodeIgniter->handleRequest(NULL, Object(Config\Cache), false)
#3 C:\xampp\htdocs\popoku\index.php(44): CodeIgniter\CodeIgniter->run()
#4 {main}
CRITICAL - 2022-04-23 09:21:36 --> Call to a member function table() on null
#0 C:\xampp\htdocs\popoku\app\Views\admin\dashboard.php(117): shownamauser('21')
#1 C:\xampp\htdocs\popoku\system\View\View.php(220): include('C:\\xampp\\htdocs...')
#2 C:\xampp\htdocs\popoku\system\View\View.php(222): CodeIgniter\View\View->CodeIgniter\View\{closure}()
#3 C:\xampp\htdocs\popoku\system\Common.php(1217): CodeIgniter\View\View->render('admin/dashboard', Array, true)
#4 C:\xampp\htdocs\popoku\app\Controllers\Dashboard.php(33): view('admin/dashboard', Array)
#5 C:\xampp\htdocs\popoku\system\CodeIgniter.php(936): App\Controllers\Dashboard->index()
#6 C:\xampp\htdocs\popoku\system\CodeIgniter.php(432): CodeIgniter\CodeIgniter->runController(Object(App\Controllers\Dashboard))
#7 C:\xampp\htdocs\popoku\system\CodeIgniter.php(333): CodeIgniter\CodeIgniter->handleRequest(NULL, Object(Config\Cache), false)
#8 C:\xampp\htdocs\popoku\index.php(44): CodeIgniter\CodeIgniter->run()
#9 {main}
CRITICAL - 2022-04-23 09:22:03 --> Using $this when not in object context
#0 C:\xampp\htdocs\popoku\app\Views\admin\dashboard.php(117): shownamauser('21')
#1 C:\xampp\htdocs\popoku\system\View\View.php(220): include('C:\\xampp\\htdocs...')
#2 C:\xampp\htdocs\popoku\system\View\View.php(222): CodeIgniter\View\View->CodeIgniter\View\{closure}()
#3 C:\xampp\htdocs\popoku\system\Common.php(1217): CodeIgniter\View\View->render('admin/dashboard', Array, true)
#4 C:\xampp\htdocs\popoku\app\Controllers\Dashboard.php(33): view('admin/dashboard', Array)
#5 C:\xampp\htdocs\popoku\system\CodeIgniter.php(936): App\Controllers\Dashboard->index()
#6 C:\xampp\htdocs\popoku\system\CodeIgniter.php(432): CodeIgniter\CodeIgniter->runController(Object(App\Controllers\Dashboard))
#7 C:\xampp\htdocs\popoku\system\CodeIgniter.php(333): CodeIgniter\CodeIgniter->handleRequest(NULL, Object(Config\Cache), false)
#8 C:\xampp\htdocs\popoku\index.php(44): CodeIgniter\CodeIgniter->run()
#9 {main}
CRITICAL - 2022-04-23 09:23:06 --> syntax error, unexpected '$q' (T_VARIABLE)
#0 C:\xampp\htdocs\popoku\system\Controller.php(92): helper(Array)
#1 C:\xampp\htdocs\popoku\app\Controllers\BaseController.php(43): CodeIgniter\Controller->initController(Object(CodeIgniter\HTTP\IncomingRequest), Object(CodeIgniter\HTTP\Response), Object(CodeIgniter\Log\Logger))
#2 C:\xampp\htdocs\popoku\system\CodeIgniter.php(909): App\Controllers\BaseController->initController(Object(CodeIgniter\HTTP\IncomingRequest), Object(CodeIgniter\HTTP\Response), Object(CodeIgniter\Log\Logger))
#3 C:\xampp\htdocs\popoku\system\CodeIgniter.php(422): CodeIgniter\CodeIgniter->createController()
#4 C:\xampp\htdocs\popoku\system\CodeIgniter.php(333): CodeIgniter\CodeIgniter->handleRequest(NULL, Object(Config\Cache), false)
#5 C:\xampp\htdocs\popoku\index.php(44): CodeIgniter\CodeIgniter->run()
#6 {main}
CRITICAL - 2022-04-23 09:23:13 --> Call to undefined function get_instance()
#0 C:\xampp\htdocs\popoku\app\Views\admin\dashboard.php(117): shownamauser('21')
#1 C:\xampp\htdocs\popoku\system\View\View.php(220): include('C:\\xampp\\htdocs...')
#2 C:\xampp\htdocs\popoku\system\View\View.php(222): CodeIgniter\View\View->CodeIgniter\View\{closure}()
#3 C:\xampp\htdocs\popoku\system\Common.php(1217): CodeIgniter\View\View->render('admin/dashboard', Array, true)
#4 C:\xampp\htdocs\popoku\app\Controllers\Dashboard.php(33): view('admin/dashboard', Array)
#5 C:\xampp\htdocs\popoku\system\CodeIgniter.php(936): App\Controllers\Dashboard->index()
#6 C:\xampp\htdocs\popoku\system\CodeIgniter.php(432): CodeIgniter\CodeIgniter->runController(Object(App\Controllers\Dashboard))
#7 C:\xampp\htdocs\popoku\system\CodeIgniter.php(333): CodeIgniter\CodeIgniter->handleRequest(NULL, Object(Config\Cache), false)
#8 C:\xampp\htdocs\popoku\index.php(44): CodeIgniter\CodeIgniter->run()
#9 {main}
CRITICAL - 2022-04-23 09:23:21 --> Call to undefined function get_instance()
#0 C:\xampp\htdocs\popoku\app\Views\admin\dashboard.php(117): shownamauser('21')
#1 C:\xampp\htdocs\popoku\system\View\View.php(220): include('C:\\xampp\\htdocs...')
#2 C:\xampp\htdocs\popoku\system\View\View.php(222): CodeIgniter\View\View->CodeIgniter\View\{closure}()
#3 C:\xampp\htdocs\popoku\system\Common.php(1217): CodeIgniter\View\View->render('admin/dashboard', Array, true)
#4 C:\xampp\htdocs\popoku\app\Controllers\Dashboard.php(33): view('admin/dashboard', Array)
#5 C:\xampp\htdocs\popoku\system\CodeIgniter.php(936): App\Controllers\Dashboard->index()
#6 C:\xampp\htdocs\popoku\system\CodeIgniter.php(432): CodeIgniter\CodeIgniter->runController(Object(App\Controllers\Dashboard))
#7 C:\xampp\htdocs\popoku\system\CodeIgniter.php(333): CodeIgniter\CodeIgniter->handleRequest(NULL, Object(Config\Cache), false)
#8 C:\xampp\htdocs\popoku\index.php(44): CodeIgniter\CodeIgniter->run()
#9 {main}
CRITICAL - 2022-04-23 09:23:57 --> syntax error, unexpected 'function' (T_FUNCTION)
#0 C:\xampp\htdocs\popoku\system\Controller.php(92): helper(Array)
#1 C:\xampp\htdocs\popoku\app\Controllers\BaseController.php(43): CodeIgniter\Controller->initController(Object(CodeIgniter\HTTP\IncomingRequest), Object(CodeIgniter\HTTP\Response), Object(CodeIgniter\Log\Logger))
#2 C:\xampp\htdocs\popoku\system\CodeIgniter.php(909): App\Controllers\BaseController->initController(Object(CodeIgniter\HTTP\IncomingRequest), Object(CodeIgniter\HTTP\Response), Object(CodeIgniter\Log\Logger))
#3 C:\xampp\htdocs\popoku\system\CodeIgniter.php(422): CodeIgniter\CodeIgniter->createController()
#4 C:\xampp\htdocs\popoku\system\CodeIgniter.php(333): CodeIgniter\CodeIgniter->handleRequest(NULL, Object(Config\Cache), false)
#5 C:\xampp\htdocs\popoku\index.php(44): CodeIgniter\CodeIgniter->run()
#6 {main}
CRITICAL - 2022-04-23 09:24:04 --> Using $this when not in object context
#0 C:\xampp\htdocs\popoku\system\Common.php(698): include_once()
#1 C:\xampp\htdocs\popoku\system\Controller.php(92): helper(Array)
#2 C:\xampp\htdocs\popoku\app\Controllers\BaseController.php(43): CodeIgniter\Controller->initController(Object(CodeIgniter\HTTP\IncomingRequest), Object(CodeIgniter\HTTP\Response), Object(CodeIgniter\Log\Logger))
#3 C:\xampp\htdocs\popoku\system\CodeIgniter.php(909): App\Controllers\BaseController->initController(Object(CodeIgniter\HTTP\IncomingRequest), Object(CodeIgniter\HTTP\Response), Object(CodeIgniter\Log\Logger))
#4 C:\xampp\htdocs\popoku\system\CodeIgniter.php(422): CodeIgniter\CodeIgniter->createController()
#5 C:\xampp\htdocs\popoku\system\CodeIgniter.php(333): CodeIgniter\CodeIgniter->handleRequest(NULL, Object(Config\Cache), false)
#6 C:\xampp\htdocs\popoku\index.php(44): CodeIgniter\CodeIgniter->run()
#7 {main}
CRITICAL - 2022-04-23 09:24:24 --> Using $this when not in object context
#0 C:\xampp\htdocs\popoku\app\Views\admin\dashboard.php(117): shownamauser('21')
#1 C:\xampp\htdocs\popoku\system\View\View.php(220): include('C:\\xampp\\htdocs...')
#2 C:\xampp\htdocs\popoku\system\View\View.php(222): CodeIgniter\View\View->CodeIgniter\View\{closure}()
#3 C:\xampp\htdocs\popoku\system\Common.php(1217): CodeIgniter\View\View->render('admin/dashboard', Array, true)
#4 C:\xampp\htdocs\popoku\app\Controllers\Dashboard.php(33): view('admin/dashboard', Array)
#5 C:\xampp\htdocs\popoku\system\CodeIgniter.php(936): App\Controllers\Dashboard->index()
#6 C:\xampp\htdocs\popoku\system\CodeIgniter.php(432): CodeIgniter\CodeIgniter->runController(Object(App\Controllers\Dashboard))
#7 C:\xampp\htdocs\popoku\system\CodeIgniter.php(333): CodeIgniter\CodeIgniter->handleRequest(NULL, Object(Config\Cache), false)
#8 C:\xampp\htdocs\popoku\index.php(44): CodeIgniter\CodeIgniter->run()
#9 {main}
CRITICAL - 2022-04-23 09:25:14 --> Call to undefined function get_instance()
#0 C:\xampp\htdocs\popoku\app\Views\admin\dashboard.php(117): shownamauser('21')
#1 C:\xampp\htdocs\popoku\system\View\View.php(220): include('C:\\xampp\\htdocs...')
#2 C:\xampp\htdocs\popoku\system\View\View.php(222): CodeIgniter\View\View->CodeIgniter\View\{closure}()
#3 C:\xampp\htdocs\popoku\system\Common.php(1217): CodeIgniter\View\View->render('admin/dashboard', Array, true)
#4 C:\xampp\htdocs\popoku\app\Controllers\Dashboard.php(33): view('admin/dashboard', Array)
#5 C:\xampp\htdocs\popoku\system\CodeIgniter.php(936): App\Controllers\Dashboard->index()
#6 C:\xampp\htdocs\popoku\system\CodeIgniter.php(432): CodeIgniter\CodeIgniter->runController(Object(App\Controllers\Dashboard))
#7 C:\xampp\htdocs\popoku\system\CodeIgniter.php(333): CodeIgniter\CodeIgniter->handleRequest(NULL, Object(Config\Cache), false)
#8 C:\xampp\htdocs\popoku\index.php(44): CodeIgniter\CodeIgniter->run()
#9 {main}
CRITICAL - 2022-04-23 09:26:07 --> Call to undefined method CodeIgniter\Database\MySQLi\Result::get()
#0 C:\xampp\htdocs\popoku\app\Views\admin\dashboard.php(117): shownamauser('21')
#1 C:\xampp\htdocs\popoku\system\View\View.php(220): include('C:\\xampp\\htdocs...')
#2 C:\xampp\htdocs\popoku\system\View\View.php(222): CodeIgniter\View\View->CodeIgniter\View\{closure}()
#3 C:\xampp\htdocs\popoku\system\Common.php(1217): CodeIgniter\View\View->render('admin/dashboard', Array, true)
#4 C:\xampp\htdocs\popoku\app\Controllers\Dashboard.php(33): view('admin/dashboard', Array)
#5 C:\xampp\htdocs\popoku\system\CodeIgniter.php(936): App\Controllers\Dashboard->index()
#6 C:\xampp\htdocs\popoku\system\CodeIgniter.php(432): CodeIgniter\CodeIgniter->runController(Object(App\Controllers\Dashboard))
#7 C:\xampp\htdocs\popoku\system\CodeIgniter.php(333): CodeIgniter\CodeIgniter->handleRequest(NULL, Object(Config\Cache), false)
#8 C:\xampp\htdocs\popoku\index.php(44): CodeIgniter\CodeIgniter->run()
#9 {main}
CRITICAL - 2022-04-23 09:26:26 --> Object of class stdClass could not be converted to string
#0 C:\xampp\htdocs\popoku\system\View\View.php(220): include()
#1 C:\xampp\htdocs\popoku\system\View\View.php(222): CodeIgniter\View\View->CodeIgniter\View\{closure}()
#2 C:\xampp\htdocs\popoku\system\Common.php(1217): CodeIgniter\View\View->render('admin/dashboard', Array, true)
#3 C:\xampp\htdocs\popoku\app\Controllers\Dashboard.php(33): view('admin/dashboard', Array)
#4 C:\xampp\htdocs\popoku\system\CodeIgniter.php(936): App\Controllers\Dashboard->index()
#5 C:\xampp\htdocs\popoku\system\CodeIgniter.php(432): CodeIgniter\CodeIgniter->runController(Object(App\Controllers\Dashboard))
#6 C:\xampp\htdocs\popoku\system\CodeIgniter.php(333): CodeIgniter\CodeIgniter->handleRequest(NULL, Object(Config\Cache), false)
#7 C:\xampp\htdocs\popoku\index.php(44): CodeIgniter\CodeIgniter->run()
#8 {main}
CRITICAL - 2022-04-23 09:36:31 --> Call to undefined method App\Controllers\Register::form_validation()
#0 C:\xampp\htdocs\popoku\system\CodeIgniter.php(936): App\Controllers\Register->save()
#1 C:\xampp\htdocs\popoku\system\CodeIgniter.php(432): CodeIgniter\CodeIgniter->runController(Object(App\Controllers\Register))
#2 C:\xampp\htdocs\popoku\system\CodeIgniter.php(333): CodeIgniter\CodeIgniter->handleRequest(NULL, Object(Config\Cache), false)
#3 C:\xampp\htdocs\popoku\index.php(44): CodeIgniter\CodeIgniter->run()
#4 {main}
CRITICAL - 2022-04-23 09:36:41 --> Call to a member function set_message() on null
#0 C:\xampp\htdocs\popoku\system\CodeIgniter.php(936): App\Controllers\Register->save()
#1 C:\xampp\htdocs\popoku\system\CodeIgniter.php(432): CodeIgniter\CodeIgniter->runController(Object(App\Controllers\Register))
#2 C:\xampp\htdocs\popoku\system\CodeIgniter.php(333): CodeIgniter\CodeIgniter->handleRequest(NULL, Object(Config\Cache), false)
#3 C:\xampp\htdocs\popoku\index.php(44): CodeIgniter\CodeIgniter->run()
#4 {main}
CRITICAL - 2022-04-23 09:38:57 --> Call to a member function set_message() on null
#0 C:\xampp\htdocs\popoku\system\CodeIgniter.php(936): App\Controllers\Register->save()
#1 C:\xampp\htdocs\popoku\system\CodeIgniter.php(432): CodeIgniter\CodeIgniter->runController(Object(App\Controllers\Register))
#2 C:\xampp\htdocs\popoku\system\CodeIgniter.php(333): CodeIgniter\CodeIgniter->handleRequest(NULL, Object(Config\Cache), false)
#3 C:\xampp\htdocs\popoku\index.php(44): CodeIgniter\CodeIgniter->run()
#4 {main}
CRITICAL - 2022-04-23 09:40:54 --> Call to a member function set_message() on null
#0 C:\xampp\htdocs\popoku\system\CodeIgniter.php(936): App\Controllers\Register->save()
#1 C:\xampp\htdocs\popoku\system\CodeIgniter.php(432): CodeIgniter\CodeIgniter->runController(Object(App\Controllers\Register))
#2 C:\xampp\htdocs\popoku\system\CodeIgniter.php(333): CodeIgniter\CodeIgniter->handleRequest(NULL, Object(Config\Cache), false)
#3 C:\xampp\htdocs\popoku\index.php(44): CodeIgniter\CodeIgniter->run()
#4 {main}
CRITICAL - 2022-04-23 09:41:25 --> Call to a member function set_message() on null
#0 C:\xampp\htdocs\popoku\system\CodeIgniter.php(936): App\Controllers\Register->save()
#1 C:\xampp\htdocs\popoku\system\CodeIgniter.php(432): CodeIgniter\CodeIgniter->runController(Object(App\Controllers\Register))
#2 C:\xampp\htdocs\popoku\system\CodeIgniter.php(333): CodeIgniter\CodeIgniter->handleRequest(NULL, Object(Config\Cache), false)
#3 C:\xampp\htdocs\popoku\index.php(44): CodeIgniter\CodeIgniter->run()
#4 {main}
CRITICAL - 2022-04-23 09:44:02 --> syntax error, unexpected ','
#0 C:\xampp\htdocs\popoku\system\Router\Router.php(170): CodeIgniter\Router\Router->autoRoute('register/save')
#1 C:\xampp\htdocs\popoku\system\CodeIgniter.php(816): CodeIgniter\Router\Router->handle('register/save')
#2 C:\xampp\htdocs\popoku\system\CodeIgniter.php(385): CodeIgniter\CodeIgniter->tryToRouteIt(Object(CodeIgniter\Router\RouteCollection))
#3 C:\xampp\htdocs\popoku\system\CodeIgniter.php(333): CodeIgniter\CodeIgniter->handleRequest(NULL, Object(Config\Cache), false)
#4 C:\xampp\htdocs\popoku\index.php(44): CodeIgniter\CodeIgniter->run()
#5 {main}
CRITICAL - 2022-04-23 09:44:13 --> syntax error, unexpected ','
#0 C:\xampp\htdocs\popoku\system\Router\Router.php(170): CodeIgniter\Router\Router->autoRoute('register/save')
#1 C:\xampp\htdocs\popoku\system\CodeIgniter.php(816): CodeIgniter\Router\Router->handle('register/save')
#2 C:\xampp\htdocs\popoku\system\CodeIgniter.php(385): CodeIgniter\CodeIgniter->tryToRouteIt(Object(CodeIgniter\Router\RouteCollection))
#3 C:\xampp\htdocs\popoku\system\CodeIgniter.php(333): CodeIgniter\CodeIgniter->handleRequest(NULL, Object(Config\Cache), false)
#4 C:\xampp\htdocs\popoku\index.php(44): CodeIgniter\CodeIgniter->run()
#5 {main}
CRITICAL - 2022-04-23 09:45:27 --> syntax error, unexpected ''password'' (T_CONSTANT_ENCAPSED_STRING), expecting ']'
#0 C:\xampp\htdocs\popoku\system\Router\Router.php(170): CodeIgniter\Router\Router->autoRoute('register/save')
#1 C:\xampp\htdocs\popoku\system\CodeIgniter.php(816): CodeIgniter\Router\Router->handle('register/save')
#2 C:\xampp\htdocs\popoku\system\CodeIgniter.php(385): CodeIgniter\CodeIgniter->tryToRouteIt(Object(CodeIgniter\Router\RouteCollection))
#3 C:\xampp\htdocs\popoku\system\CodeIgniter.php(333): CodeIgniter\CodeIgniter->handleRequest(NULL, Object(Config\Cache), false)
#4 C:\xampp\htdocs\popoku\index.php(44): CodeIgniter\CodeIgniter->run()
#5 {main}
CRITICAL - 2022-04-23 09:45:51 --> syntax error, unexpected ''password'' (T_CONSTANT_ENCAPSED_STRING), expecting ']'
#0 C:\xampp\htdocs\popoku\system\Router\Router.php(170): CodeIgniter\Router\Router->autoRoute('register/save')
#1 C:\xampp\htdocs\popoku\system\CodeIgniter.php(816): CodeIgniter\Router\Router->handle('register/save')
#2 C:\xampp\htdocs\popoku\system\CodeIgniter.php(385): CodeIgniter\CodeIgniter->tryToRouteIt(Object(CodeIgniter\Router\RouteCollection))
#3 C:\xampp\htdocs\popoku\system\CodeIgniter.php(333): CodeIgniter\CodeIgniter->handleRequest(NULL, Object(Config\Cache), false)
#4 C:\xampp\htdocs\popoku\index.php(44): CodeIgniter\CodeIgniter->run()
#5 {main}
CRITICAL - 2022-04-23 09:46:02 --> [
            'is_unique' => 'Email sudah terpakai, silahkan gunakan email lain!',
        ] is not a valid rule.
#0 C:\xampp\htdocs\popoku\system\Validation\Validation.php(314): CodeIgniter\Validation\Exceptions\ValidationException::forRuleNotFound('[\n            '...')
#1 C:\xampp\htdocs\popoku\system\Validation\Validation.php(164): CodeIgniter\Validation\Validation->processRules('errors', 'errors', NULL, Array, Array)
#2 C:\xampp\htdocs\popoku\system\Controller.php(181): CodeIgniter\Validation\Validation->run()
#3 C:\xampp\htdocs\popoku\app\Controllers\Register.php(29): CodeIgniter\Controller->validate(Array)
#4 C:\xampp\htdocs\popoku\system\CodeIgniter.php(936): App\Controllers\Register->save()
#5 C:\xampp\htdocs\popoku\system\CodeIgniter.php(432): CodeIgniter\CodeIgniter->runController(Object(App\Controllers\Register))
#6 C:\xampp\htdocs\popoku\system\CodeIgniter.php(333): CodeIgniter\CodeIgniter->handleRequest(NULL, Object(Config\Cache), false)
#7 C:\xampp\htdocs\popoku\index.php(44): CodeIgniter\CodeIgniter->run()
#8 {main}
CRITICAL - 2022-04-23 09:46:10 --> Email sudah terpakai, silahkan gunakan email lain! is not a valid rule.
#0 C:\xampp\htdocs\popoku\system\Validation\Validation.php(314): CodeIgniter\Validation\Exceptions\ValidationException::forRuleNotFound('Email sudah ter...')
#1 C:\xampp\htdocs\popoku\system\Validation\Validation.php(164): CodeIgniter\Validation\Validation->processRules('errors', 'errors', NULL, Array, Array)
#2 C:\xampp\htdocs\popoku\system\Controller.php(181): CodeIgniter\Validation\Validation->run()
#3 C:\xampp\htdocs\popoku\app\Controllers\Register.php(29): CodeIgniter\Controller->validate(Array)
#4 C:\xampp\htdocs\popoku\system\CodeIgniter.php(936): App\Controllers\Register->save()
#5 C:\xampp\htdocs\popoku\system\CodeIgniter.php(432): CodeIgniter\CodeIgniter->runController(Object(App\Controllers\Register))
#6 C:\xampp\htdocs\popoku\system\CodeIgniter.php(333): CodeIgniter\CodeIgniter->handleRequest(NULL, Object(Config\Cache), false)
#7 C:\xampp\htdocs\popoku\index.php(44): CodeIgniter\CodeIgniter->run()
#8 {main}
CRITICAL - 2022-04-23 09:47:08 --> Call to a member function setRules() on null
#0 C:\xampp\htdocs\popoku\system\CodeIgniter.php(936): App\Controllers\Register->save()
#1 C:\xampp\htdocs\popoku\system\CodeIgniter.php(432): CodeIgniter\CodeIgniter->runController(Object(App\Controllers\Register))
#2 C:\xampp\htdocs\popoku\system\CodeIgniter.php(333): CodeIgniter\CodeIgniter->handleRequest(NULL, Object(Config\Cache), false)
#3 C:\xampp\htdocs\popoku\index.php(44): CodeIgniter\CodeIgniter->run()
#4 {main}
CRITICAL - 2022-04-23 09:48:02 --> Too few arguments to function CodeIgniter\Controller::validate(), 0 passed in C:\xampp\htdocs\popoku\app\Controllers\Register.php on line 26 and at least 1 expected
#0 C:\xampp\htdocs\popoku\app\Controllers\Register.php(26): CodeIgniter\Controller->validate()
#1 C:\xampp\htdocs\popoku\system\CodeIgniter.php(936): App\Controllers\Register->save()
#2 C:\xampp\htdocs\popoku\system\CodeIgniter.php(432): CodeIgniter\CodeIgniter->runController(Object(App\Controllers\Register))
#3 C:\xampp\htdocs\popoku\system\CodeIgniter.php(333): CodeIgniter\CodeIgniter->handleRequest(NULL, Object(Config\Cache), false)
#4 C:\xampp\htdocs\popoku\index.php(44): CodeIgniter\CodeIgniter->run()
#5 {main}
CRITICAL - 2022-04-23 09:48:07 --> Call to undefined method App\Controllers\Register::validation()
#0 C:\xampp\htdocs\popoku\system\CodeIgniter.php(936): App\Controllers\Register->save()
#1 C:\xampp\htdocs\popoku\system\CodeIgniter.php(432): CodeIgniter\CodeIgniter->runController(Object(App\Controllers\Register))
#2 C:\xampp\htdocs\popoku\system\CodeIgniter.php(333): CodeIgniter\CodeIgniter->handleRequest(NULL, Object(Config\Cache), false)
#3 C:\xampp\htdocs\popoku\index.php(44): CodeIgniter\CodeIgniter->run()
#4 {main}
CRITICAL - 2022-04-23 09:49:12 --> Call to a member function setRules() on null
#0 C:\xampp\htdocs\popoku\system\CodeIgniter.php(936): App\Controllers\Register->save()
#1 C:\xampp\htdocs\popoku\system\CodeIgniter.php(432): CodeIgniter\CodeIgniter->runController(Object(App\Controllers\Register))
#2 C:\xampp\htdocs\popoku\system\CodeIgniter.php(333): CodeIgniter\CodeIgniter->handleRequest(NULL, Object(Config\Cache), false)
#3 C:\xampp\htdocs\popoku\index.php(44): CodeIgniter\CodeIgniter->run()
#4 {main}
CRITICAL - 2022-04-23 09:49:50 --> Cannot call constructor
#0 C:\xampp\htdocs\popoku\system\CodeIgniter.php(908): App\Controllers\Register->__construct()
#1 C:\xampp\htdocs\popoku\system\CodeIgniter.php(422): CodeIgniter\CodeIgniter->createController()
#2 C:\xampp\htdocs\popoku\system\CodeIgniter.php(333): CodeIgniter\CodeIgniter->handleRequest(NULL, Object(Config\Cache), false)
#3 C:\xampp\htdocs\popoku\index.php(44): CodeIgniter\CodeIgniter->run()
#4 {main}
CRITICAL - 2022-04-23 09:50:45 --> syntax error, unexpected 'public' (T_PUBLIC)
#0 C:\xampp\htdocs\popoku\system\Router\Router.php(170): CodeIgniter\Router\Router->autoRoute('register/save')
#1 C:\xampp\htdocs\popoku\system\CodeIgniter.php(816): CodeIgniter\Router\Router->handle('register/save')
#2 C:\xampp\htdocs\popoku\system\CodeIgniter.php(385): CodeIgniter\CodeIgniter->tryToRouteIt(Object(CodeIgniter\Router\RouteCollection))
#3 C:\xampp\htdocs\popoku\system\CodeIgniter.php(333): CodeIgniter\CodeIgniter->handleRequest(NULL, Object(Config\Cache), false)
#4 C:\xampp\htdocs\popoku\index.php(44): CodeIgniter\CodeIgniter->run()
#5 {main}
CRITICAL - 2022-04-23 09:50:55 --> Cannot call constructor
#0 C:\xampp\htdocs\popoku\system\CodeIgniter.php(908): App\Controllers\Register->__construct()
#1 C:\xampp\htdocs\popoku\system\CodeIgniter.php(422): CodeIgniter\CodeIgniter->createController()
#2 C:\xampp\htdocs\popoku\system\CodeIgniter.php(333): CodeIgniter\CodeIgniter->handleRequest(NULL, Object(Config\Cache), false)
#3 C:\xampp\htdocs\popoku\index.php(44): CodeIgniter\CodeIgniter->run()
#4 {main}
CRITICAL - 2022-04-23 09:51:15 --> Call to a member function library() on null
#0 C:\xampp\htdocs\popoku\system\CodeIgniter.php(936): App\Controllers\Register->save()
#1 C:\xampp\htdocs\popoku\system\CodeIgniter.php(432): CodeIgniter\CodeIgniter->runController(Object(App\Controllers\Register))
#2 C:\xampp\htdocs\popoku\system\CodeIgniter.php(333): CodeIgniter\CodeIgniter->handleRequest(NULL, Object(Config\Cache), false)
#3 C:\xampp\htdocs\popoku\index.php(44): CodeIgniter\CodeIgniter->run()
#4 {main}
CRITICAL - 2022-04-23 09:52:17 --> Call to a member function setRules() on null
#0 C:\xampp\htdocs\popoku\system\CodeIgniter.php(936): App\Controllers\Register->save()
#1 C:\xampp\htdocs\popoku\system\CodeIgniter.php(432): CodeIgniter\CodeIgniter->runController(Object(App\Controllers\Register))
#2 C:\xampp\htdocs\popoku\system\CodeIgniter.php(333): CodeIgniter\CodeIgniter->handleRequest(NULL, Object(Config\Cache), false)
#3 C:\xampp\htdocs\popoku\index.php(44): CodeIgniter\CodeIgniter->run()
#4 {main}
CRITICAL - 2022-04-23 09:54:29 --> syntax error, unexpected 'return' (T_RETURN), expecting ';' or ','
#0 C:\xampp\htdocs\popoku\system\Router\Router.php(170): CodeIgniter\Router\Router->autoRoute('register/save')
#1 C:\xampp\htdocs\popoku\system\CodeIgniter.php(816): CodeIgniter\Router\Router->handle('register/save')
#2 C:\xampp\htdocs\popoku\system\CodeIgniter.php(385): CodeIgniter\CodeIgniter->tryToRouteIt(Object(CodeIgniter\Router\RouteCollection))
#3 C:\xampp\htdocs\popoku\system\CodeIgniter.php(333): CodeIgniter\CodeIgniter->handleRequest(NULL, Object(Config\Cache), false)
#4 C:\xampp\htdocs\popoku\index.php(44): CodeIgniter\CodeIgniter->run()
#5 {main}
CRITICAL - 2022-04-23 09:56:22 --> Cannot access protected property CodeIgniter\Validation\Validation::$errors
#0 C:\xampp\htdocs\popoku\system\CodeIgniter.php(936): App\Controllers\Register->save()
#1 C:\xampp\htdocs\popoku\system\CodeIgniter.php(432): CodeIgniter\CodeIgniter->runController(Object(App\Controllers\Register))
#2 C:\xampp\htdocs\popoku\system\CodeIgniter.php(333): CodeIgniter\CodeIgniter->handleRequest(NULL, Object(Config\Cache), false)
#3 C:\xampp\htdocs\popoku\index.php(44): CodeIgniter\CodeIgniter->run()
#4 {main}
CRITICAL - 2022-04-23 09:56:34 --> Cannot access protected property CodeIgniter\Validation\Validation::$errors
#0 C:\xampp\htdocs\popoku\system\CodeIgniter.php(936): App\Controllers\Register->save()
#1 C:\xampp\htdocs\popoku\system\CodeIgniter.php(432): CodeIgniter\CodeIgniter->runController(Object(App\Controllers\Register))
#2 C:\xampp\htdocs\popoku\system\CodeIgniter.php(333): CodeIgniter\CodeIgniter->handleRequest(NULL, Object(Config\Cache), false)
#3 C:\xampp\htdocs\popoku\index.php(44): CodeIgniter\CodeIgniter->run()
#4 {main}
CRITICAL - 2022-04-23 09:57:08 --> Call to a member function set_message() on null
#0 C:\xampp\htdocs\popoku\system\CodeIgniter.php(936): App\Controllers\Register->save()
#1 C:\xampp\htdocs\popoku\system\CodeIgniter.php(432): CodeIgniter\CodeIgniter->runController(Object(App\Controllers\Register))
#2 C:\xampp\htdocs\popoku\system\CodeIgniter.php(333): CodeIgniter\CodeIgniter->handleRequest(NULL, Object(Config\Cache), false)
#3 C:\xampp\htdocs\popoku\index.php(44): CodeIgniter\CodeIgniter->run()
#4 {main}
CRITICAL - 2022-04-23 09:57:17 --> Call to a member function set_message() on null
#0 C:\xampp\htdocs\popoku\system\CodeIgniter.php(936): App\Controllers\Register->save()
#1 C:\xampp\htdocs\popoku\system\CodeIgniter.php(432): CodeIgniter\CodeIgniter->runController(Object(App\Controllers\Register))
#2 C:\xampp\htdocs\popoku\system\CodeIgniter.php(333): CodeIgniter\CodeIgniter->handleRequest(NULL, Object(Config\Cache), false)
#3 C:\xampp\htdocs\popoku\index.php(44): CodeIgniter\CodeIgniter->run()
#4 {main}
CRITICAL - 2022-04-23 09:58:29 --> Call to a member function set_message() on null
#0 C:\xampp\htdocs\popoku\system\CodeIgniter.php(936): App\Controllers\Register->save()
#1 C:\xampp\htdocs\popoku\system\CodeIgniter.php(432): CodeIgniter\CodeIgniter->runController(Object(App\Controllers\Register))
#2 C:\xampp\htdocs\popoku\system\CodeIgniter.php(333): CodeIgniter\CodeIgniter->handleRequest(NULL, Object(Config\Cache), false)
#3 C:\xampp\htdocs\popoku\index.php(44): CodeIgniter\CodeIgniter->run()
#4 {main}
CRITICAL - 2022-04-23 09:58:33 --> Call to a member function set_message() on null
#0 C:\xampp\htdocs\popoku\system\CodeIgniter.php(936): App\Controllers\Register->save()
#1 C:\xampp\htdocs\popoku\system\CodeIgniter.php(432): CodeIgniter\CodeIgniter->runController(Object(App\Controllers\Register))
#2 C:\xampp\htdocs\popoku\system\CodeIgniter.php(333): CodeIgniter\CodeIgniter->handleRequest(NULL, Object(Config\Cache), false)
#3 C:\xampp\htdocs\popoku\index.php(44): CodeIgniter\CodeIgniter->run()
#4 {main}
CRITICAL - 2022-04-23 09:58:38 --> Call to a member function listErrors() on null
#0 C:\xampp\htdocs\popoku\system\CodeIgniter.php(936): App\Controllers\Register->save()
#1 C:\xampp\htdocs\popoku\system\CodeIgniter.php(432): CodeIgniter\CodeIgniter->runController(Object(App\Controllers\Register))
#2 C:\xampp\htdocs\popoku\system\CodeIgniter.php(333): CodeIgniter\CodeIgniter->handleRequest(NULL, Object(Config\Cache), false)
#3 C:\xampp\htdocs\popoku\index.php(44): CodeIgniter\CodeIgniter->run()
#4 {main}
CRITICAL - 2022-04-23 10:02:50 --> Call to a member function set_message() on null
#0 C:\xampp\htdocs\popoku\system\CodeIgniter.php(936): App\Controllers\Register->save()
#1 C:\xampp\htdocs\popoku\system\CodeIgniter.php(432): CodeIgniter\CodeIgniter->runController(Object(App\Controllers\Register))
#2 C:\xampp\htdocs\popoku\system\CodeIgniter.php(333): CodeIgniter\CodeIgniter->handleRequest(NULL, Object(Config\Cache), false)
#3 C:\xampp\htdocs\popoku\index.php(44): CodeIgniter\CodeIgniter->run()
#4 {main}
CRITICAL - 2022-04-23 10:03:21 --> Call to a member function set_message() on null
#0 C:\xampp\htdocs\popoku\system\CodeIgniter.php(936): App\Controllers\Register->save()
#1 C:\xampp\htdocs\popoku\system\CodeIgniter.php(432): CodeIgniter\CodeIgniter->runController(Object(App\Controllers\Register))
#2 C:\xampp\htdocs\popoku\system\CodeIgniter.php(333): CodeIgniter\CodeIgniter->handleRequest(NULL, Object(Config\Cache), false)
#3 C:\xampp\htdocs\popoku\index.php(44): CodeIgniter\CodeIgniter->run()
#4 {main}
CRITICAL - 2022-04-23 10:04:13 --> Call to a member function setRules() on null
#0 C:\xampp\htdocs\popoku\system\CodeIgniter.php(936): App\Controllers\Register->save()
#1 C:\xampp\htdocs\popoku\system\CodeIgniter.php(432): CodeIgniter\CodeIgniter->runController(Object(App\Controllers\Register))
#2 C:\xampp\htdocs\popoku\system\CodeIgniter.php(333): CodeIgniter\CodeIgniter->handleRequest(NULL, Object(Config\Cache), false)
#3 C:\xampp\htdocs\popoku\index.php(44): CodeIgniter\CodeIgniter->run()
#4 {main}
CRITICAL - 2022-04-23 10:05:11 --> Call to a member function set_message() on null
#0 C:\xampp\htdocs\popoku\system\CodeIgniter.php(936): App\Controllers\Register->save()
#1 C:\xampp\htdocs\popoku\system\CodeIgniter.php(432): CodeIgniter\CodeIgniter->runController(Object(App\Controllers\Register))
#2 C:\xampp\htdocs\popoku\system\CodeIgniter.php(333): CodeIgniter\CodeIgniter->handleRequest(NULL, Object(Config\Cache), false)
#3 C:\xampp\htdocs\popoku\index.php(44): CodeIgniter\CodeIgniter->run()
#4 {main}
CRITICAL - 2022-04-23 10:08:01 --> syntax error, unexpected '<'
#0 C:\xampp\htdocs\popoku\system\View\View.php(222): CodeIgniter\View\View->CodeIgniter\View\{closure}()
#1 C:\xampp\htdocs\popoku\system\Common.php(1217): CodeIgniter\View\View->render('user/v_transaks...', Array, true)
#2 C:\xampp\htdocs\popoku\app\Controllers\Userhome.php(131): view('user/v_transaks...', Array)
#3 C:\xampp\htdocs\popoku\system\CodeIgniter.php(936): App\Controllers\Userhome->detail_produk('16')
#4 C:\xampp\htdocs\popoku\system\CodeIgniter.php(432): CodeIgniter\CodeIgniter->runController(Object(App\Controllers\Userhome))
#5 C:\xampp\htdocs\popoku\system\CodeIgniter.php(333): CodeIgniter\CodeIgniter->handleRequest(NULL, Object(Config\Cache), false)
#6 C:\xampp\htdocs\popoku\index.php(44): CodeIgniter\CodeIgniter->run()
#7 {main}
