ERROR - 2022-08-14 06:31:58 --> Error connecting to the database: Unknown database 'db_popoku'
CRITICAL - 2022-08-14 06:31:58 --> Unable to connect to the database.
#0 C:\xampp\htdocs\popoku\system\Database\BaseConnection.php(618): CodeIgniter\Database\BaseConnection->initialize()
#1 C:\xampp\htdocs\popoku\system\Database\BaseBuilder.php(1866): CodeIgniter\Database\BaseConnection->query('SELECT *\nFROM `...', Array, false)
#2 C:\xampp\htdocs\popoku\app\Models\Model_produk.php(26): CodeIgniter\Database\BaseBuilder->get()
#3 C:\xampp\htdocs\popoku\app\Controllers\Userhome.php(17): App\Models\Model_produk->get_produk_random()
#4 C:\xampp\htdocs\popoku\system\CodeIgniter.php(936): App\Controllers\Userhome->index()
#5 C:\xampp\htdocs\popoku\system\CodeIgniter.php(432): CodeIgniter\CodeIgniter->runController(Object(App\Controllers\Userhome))
#6 C:\xampp\htdocs\popoku\system\CodeIgniter.php(333): CodeIgniter\CodeIgniter->handleRequest(NULL, Object(Config\Cache), false)
#7 C:\xampp\htdocs\popoku\index.php(44): CodeIgniter\CodeIgniter->run()
#8 {main}
CRITICAL - 2022-08-14 06:59:23 --> Class 'App\Controllers\Model_user' not found
#0 C:\xampp\htdocs\popoku\system\CodeIgniter.php(936): App\Controllers\Userhome->edit_user()
#1 C:\xampp\htdocs\popoku\system\CodeIgniter.php(432): CodeIgniter\CodeIgniter->runController(Object(App\Controllers\Userhome))
#2 C:\xampp\htdocs\popoku\system\CodeIgniter.php(333): CodeIgniter\CodeIgniter->handleRequest(NULL, Object(Config\Cache), false)
#3 C:\xampp\htdocs\popoku\index.php(44): CodeIgniter\CodeIgniter->run()
#4 {main}
CRITICAL - 2022-08-14 06:59:35 --> Invalid file: user/edit.php
#0 C:\xampp\htdocs\popoku\system\View\View.php(203): CodeIgniter\Exceptions\FrameworkException::forInvalidFile('user/edit.php')
#1 C:\xampp\htdocs\popoku\system\Common.php(1217): CodeIgniter\View\View->render('user/edit', Array, true)
#2 C:\xampp\htdocs\popoku\app\Controllers\Userhome.php(43): view('user/edit', Array)
#3 C:\xampp\htdocs\popoku\system\CodeIgniter.php(936): App\Controllers\Userhome->edit_user()
#4 C:\xampp\htdocs\popoku\system\CodeIgniter.php(432): CodeIgniter\CodeIgniter->runController(Object(App\Controllers\Userhome))
#5 C:\xampp\htdocs\popoku\system\CodeIgniter.php(333): CodeIgniter\CodeIgniter->handleRequest(NULL, Object(Config\Cache), false)
#6 C:\xampp\htdocs\popoku\index.php(44): CodeIgniter\CodeIgniter->run()
#7 {main}
CRITICAL - 2022-08-14 07:01:12 --> Invalid file: user/edit.php
#0 C:\xampp\htdocs\popoku\system\View\View.php(203): CodeIgniter\Exceptions\FrameworkException::forInvalidFile('user/edit.php')
#1 C:\xampp\htdocs\popoku\system\Common.php(1217): CodeIgniter\View\View->render('user/edit', Array, true)
#2 C:\xampp\htdocs\popoku\app\Controllers\Userhome.php(41): view('user/edit', Array)
#3 C:\xampp\htdocs\popoku\system\CodeIgniter.php(936): App\Controllers\Userhome->edit_user()
#4 C:\xampp\htdocs\popoku\system\CodeIgniter.php(432): CodeIgniter\CodeIgniter->runController(Object(App\Controllers\Userhome))
#5 C:\xampp\htdocs\popoku\system\CodeIgniter.php(333): CodeIgniter\CodeIgniter->handleRequest(NULL, Object(Config\Cache), false)
#6 C:\xampp\htdocs\popoku\index.php(44): CodeIgniter\CodeIgniter->run()
#7 {main}
CRITICAL - 2022-08-14 07:02:51 --> Invalid file: user/edit.php
#0 C:\xampp\htdocs\popoku\system\View\View.php(203): CodeIgniter\Exceptions\FrameworkException::forInvalidFile('user/edit.php')
#1 C:\xampp\htdocs\popoku\system\Common.php(1217): CodeIgniter\View\View->render('user/edit', Array, true)
#2 C:\xampp\htdocs\popoku\app\Controllers\Userhome.php(42): view('user/edit', Array)
#3 C:\xampp\htdocs\popoku\system\CodeIgniter.php(936): App\Controllers\Userhome->edit_user()
#4 C:\xampp\htdocs\popoku\system\CodeIgniter.php(432): CodeIgniter\CodeIgniter->runController(Object(App\Controllers\Userhome))
#5 C:\xampp\htdocs\popoku\system\CodeIgniter.php(333): CodeIgniter\CodeIgniter->handleRequest(NULL, Object(Config\Cache), false)
#6 C:\xampp\htdocs\popoku\index.php(44): CodeIgniter\CodeIgniter->run()
#7 {main}
